<?xml version="1.0" encoding="UTF-8"?>
<!-- Generated by org.testng.reporters.JUnitXMLReporter -->
<testsuite hostname="DESKTOP-OOG7EOG" ignored="0" name="BankingApp Test" tests="2" failures="0" timestamp="10 Apr 2020 08:53:32 GMT" time="55.784" errors="0">
  <testcase name="loginTest" time="4.231" classname="com.inetbanking.testCases.TC_LoginTest_001"/>
  <testcase name="addNewCustomer" time="18.799" classname="com.inetbanking.testCases.TC_AddCustomerTest_003"/>
</testsuite> <!-- BankingApp Test -->
