<?xml version="1.0" encoding="UTF-8"?>
<!-- Generated by org.testng.reporters.JUnitXMLReporter -->
<testsuite hostname="DESKTOP-OOG7EOG" ignored="0" name="BankingApp Test" tests="2" failures="0" timestamp="16 Apr 2020 09:48:51 GMT" time="135.3" errors="0">
  <testcase name="loginTest" time="6.673" classname="com.inetbanking.testCases.TC_LoginTest_001"/>
  <testcase name="addNewCustomer" time="36.87" classname="com.inetbanking.testCases.TC_AddCustomerTest_003"/>
</testsuite> <!-- BankingApp Test -->
