<?xml version="1.0" encoding="UTF-8"?>
<!-- Generated by org.testng.reporters.JUnitXMLReporter -->
<testsuite ignored="0" hostname="DESKTOP-OOG7EOG" failures="0" tests="2" name="BankingApp Test" time="83.204" errors="0" timestamp="10 Apr 2020 14:05:46 GMT">
  <testcase classname="com.inetbanking.testCases.TC_LoginTest_001" name="loginTest" time="3.983"/>
  <testcase classname="com.inetbanking.testCases.TC_AddCustomerTest_003" name="addNewCustomer" time="20.167"/>
</testsuite> <!-- BankingApp Test -->
